# JRE version: Java(TM) SE Runtime Environment (8.0_60-b27) (build 1.8.0_60-b27)
# Java VM: Java HotSpot(TM) 64-Bit Server VM (25.60-b23 mixed mode windows-amd64 compressed oops)
Heap:
 PSYoungGen      total 71680K, used 33642K [0x00000000d5a00000, 0x00000000dbf00000, 0x0000000100000000)
  eden space 66560K, 50% used [0x00000000d5a00000,0x00000000d7adab98,0x00000000d9b00000)
  from space 5120K, 0% used [0x00000000d9b00000,0x00000000d9b00000,0x00000000da000000)
  to   space 11776K, 0% used [0x00000000db380000,0x00000000db380000,0x00000000dbf00000)
 ParOldGen       total 83968K, used 16691K [0x0000000080e00000, 0x0000000086000000, 0x00000000d5a00000)
  object space 83968K, 19% used [0x0000000080e00000,0x0000000081e4cd60,0x0000000086000000)
 Metaspace       used 36903K, capacity 37152K, committed 37592K, reserved 1083392K
  class space    used 4235K, capacity 4322K, committed 4352K, reserved 1048576K
GC Heap History (10 events):
Event: 1.498 GC heap before
{Heap before GC invocations=3 (full 0):
 PSYoungGen      total 38400K, used 15404K [0x00000000d5a00000, 0x00000000da500000, 0x0000000100000000)
  eden space 33280K, 30% used [0x00000000d5a00000,0x00000000d64110c8,0x00000000d7a80000)
  from space 5120K, 99% used [0x00000000d7f80000,0x00000000d847a040,0x00000000d8480000)
  to   space 5120K, 0% used [0x00000000d7a80000,0x00000000d7a80000,0x00000000d7f80000)
 ParOldGen       total 87552K, used 4934K [0x0000000080e00000, 0x0000000086380000, 0x00000000d5a00000)
  object space 87552K, 5% used [0x0000000080e00000,0x00000000812d1918,0x0000000086380000)
 Metaspace       used 20932K, capacity 21062K, committed 21248K, reserved 1069056K
  class space    used 2451K, capacity 2493K, committed 2560K, reserved 1048576K
Event: 1.502 GC heap after
Heap after GC invocations=3 (full 0):
 PSYoungGen      total 38400K, used 5096K [0x00000000d5a00000, 0x00000000da500000, 0x0000000100000000)
  eden space 33280K, 0% used [0x00000000d5a00000,0x00000000d5a00000,0x00000000d7a80000)
  from space 5120K, 99% used [0x00000000d7a80000,0x00000000d7f7a100,0x00000000d7f80000)
  to   space 5120K, 0% used [0x00000000da000000,0x00000000da000000,0x00000000da500000)
 ParOldGen       total 87552K, used 7269K [0x0000000080e00000, 0x0000000086380000, 0x00000000d5a00000)
  object space 87552K, 8% used [0x0000000080e00000,0x0000000081519740,0x0000000086380000)
 Metaspace       used 20932K, capacity 21062K, committed 21248K, reserved 1069056K
  class space    used 2451K, capacity 2493K, committed 2560K, reserved 1048576K
}
Event: 1.503 GC heap before
{Heap before GC invocations=4 (full 1):
 PSYoungGen      total 38400K, used 5096K [0x00000000d5a00000, 0x00000000da500000, 0x0000000100000000)
  eden space 33280K, 0% used [0x00000000d5a00000,0x00000000d5a00000,0x00000000d7a80000)
  from space 5120K, 99% used [0x00000000d7a80000,0x00000000d7f7a100,0x00000000d7f80000)
  to   space 5120K, 0% used [0x00000000da000000,0x00000000da000000,0x00000000da500000)
 ParOldGen       total 87552K, used 7269K [0x0000000080e00000, 0x0000000086380000, 0x00000000d5a00000)
  object space 87552K, 8% used [0x0000000080e00000,0x0000000081519740,0x0000000086380000)
 Metaspace       used 20932K, capacity 21062K, committed 21248K, reserved 1069056K
  class space    used 2451K, capacity 2493K, committed 2560K, reserved 1048576K
Event: 1.527 GC heap after
Heap after GC invocations=4 (full 1):
 PSYoungGen      total 38400K, used 0K [0x00000000d5a00000, 0x00000000da500000, 0x0000000100000000)
  eden space 33280K, 0% used [0x00000000d5a00000,0x00000000d5a00000,0x00000000d7a80000)
  from space 5120K, 0% used [0x00000000d7a80000,0x00000000d7a80000,0x00000000d7f80000)
  to   space 5120K, 0% used [0x00000000da000000,0x00000000da000000,0x00000000da500000)
 ParOldGen       total 57344K, used 8100K [0x0000000080e00000, 0x0000000084600000, 0x00000000d5a00000)
  object space 57344K, 14% used [0x0000000080e00000,0x00000000815e92c8,0x0000000084600000)
 Metaspace       used 20932K, capacity 21062K, committed 21248K, reserved 1069056K
  class space    used 2451K, capacity 2493K, committed 2560K, reserved 1048576K
}
Event: 2.205 GC heap before
{Heap before GC invocations=5 (full 1):
 PSYoungGen      total 38400K, used 33280K [0x00000000d5a00000, 0x00000000da500000, 0x0000000100000000)
  eden space 33280K, 100% used [0x00000000d5a00000,0x00000000d7a80000,0x00000000d7a80000)
  from space 5120K, 0% used [0x00000000d7a80000,0x00000000d7a80000,0x00000000d7f80000)
  to   space 5120K, 0% used [0x00000000da000000,0x00000000da000000,0x00000000da500000)
 ParOldGen       total 57344K, used 8100K [0x0000000080e00000, 0x0000000084600000, 0x00000000d5a00000)
  object space 57344K, 14% used [0x0000000080e00000,0x00000000815e92c8,0x0000000084600000)
 Metaspace       used 26727K, capacity 26880K, committed 27136K, reserved 1073152K
  class space    used 3235K, capacity 3302K, committed 3328K, reserved 1048576K
Event: 2.209 GC heap after
Heap after GC invocations=5 (full 1):
 PSYoungGen      total 57856K, used 5088K [0x00000000d5a00000, 0x00000000da500000, 0x0000000100000000)
  eden space 52736K, 0% used [0x00000000d5a00000,0x00000000d5a00000,0x00000000d8d80000)
  from space 5120K, 99% used [0x00000000da000000,0x00000000da4f81a0,0x00000000da500000)
  to   space 5120K, 0% used [0x00000000d9b00000,0x00000000d9b00000,0x00000000da000000)
 ParOldGen       total 57344K, used 8971K [0x0000000080e00000, 0x0000000084600000, 0x00000000d5a00000)
  object space 57344K, 15% used [0x0000000080e00000,0x00000000816c2dd0,0x0000000084600000)
 Metaspace       used 26727K, capacity 26880K, committed 27136K, reserved 1073152K
  class space    used 3235K, capacity 3302K, committed 3328K, reserved 1048576K
}
Event: 2993.671 GC heap before
{Heap before GC invocations=6 (full 1):
 PSYoungGen      total 57856K, used 47326K [0x00000000d5a00000, 0x00000000da500000, 0x0000000100000000)
  eden space 52736K, 80% used [0x00000000d5a00000,0x00000000d833f8e8,0x00000000d8d80000)
  from space 5120K, 99% used [0x00000000da000000,0x00000000da4f81a0,0x00000000da500000)
  to   space 5120K, 0% used [0x00000000d9b00000,0x00000000d9b00000,0x00000000da000000)
 ParOldGen       total 57344K, used 8971K [0x0000000080e00000, 0x0000000084600000, 0x00000000d5a00000)
  object space 57344K, 15% used [0x0000000080e00000,0x00000000816c2dd0,0x0000000084600000)
 Metaspace       used 34900K, capacity 35146K, committed 35416K, reserved 1081344K
  class space    used 4097K, capacity 4189K, committed 4224K, reserved 1048576K
Event: 2993.681 GC heap after
Heap after GC invocations=6 (full 1):
 PSYoungGen      total 71680K, used 5108K [0x00000000d5a00000, 0x00000000dbf00000, 0x0000000100000000)
  eden space 66560K, 0% used [0x00000000d5a00000,0x00000000d5a00000,0x00000000d9b00000)
  from space 5120K, 99% used [0x00000000d9b00000,0x00000000d9ffd030,0x00000000da000000)
  to   space 11776K, 0% used [0x00000000db380000,0x00000000db380000,0x00000000dbf00000)
 ParOldGen       total 57344K, used 15397K [0x0000000080e00000, 0x0000000084600000, 0x00000000d5a00000)
  object space 57344K, 26% used [0x0000000080e00000,0x0000000081d09638,0x0000000084600000)
 Metaspace       used 34900K, capacity 35146K, committed 35416K, reserved 1081344K
  class space    used 4097K, capacity 4189K, committed 4224K, reserved 1048576K
}
Event: 2993.681 GC heap before
{Heap before GC invocations=7 (full 2):
 PSYoungGen      total 71680K, used 5108K [0x00000000d5a00000, 0x00000000dbf00000, 0x0000000100000000)
  eden space 66560K, 0% used [0x00000000d5a00000,0x00000000d5a00000,0x00000000d9b00000)
  from space 5120K, 99% used [0x00000000d9b00000,0x00000000d9ffd030,0x00000000da000000)
  to   space 11776K, 0% used [0x00000000db380000,0x00000000db380000,0x00000000dbf00000)
 ParOldGen       total 57344K, used 15397K [0x0000000080e00000, 0x0000000084600000, 0x00000000d5a00000)
  object space 57344K, 26% used [0x0000000080e00000,0x0000000081d09638,0x0000000084600000)
 Metaspace       used 34900K, capacity 35146K, committed 35416K, reserved 1081344K
  class space    used 4097K, capacity 4189K, committed 4224K, reserved 1048576K
Event: 2993.807 GC heap after
Heap after GC invocations=7 (full 2):
 PSYoungGen      total 71680K, used 0K [0x00000000d5a00000, 0x00000000dbf00000, 0x0000000100000000)
  eden space 66560K, 0% used [0x00000000d5a00000,0x00000000d5a00000,0x00000000d9b00000)
  from space 5120K, 0% used [0x00000000d9b00000,0x00000000d9b00000,0x00000000da000000)
  to   space 11776K, 0% used [0x00000000db380000,0x00000000db380000,0x00000000dbf00000)
 ParOldGen       total 83968K, used 16691K [0x0000000080e00000, 0x0000000086000000, 0x00000000d5a00000)
  object space 83968K, 19% used [0x0000000080e00000,0x0000000081e4cd60,0x0000000086000000)
 Metaspace       used 34835K, capacity 35040K, committed 35416K, reserved 1081344K
  class space    used 4086K, capacity 4168K, committed 4224K, reserved 1048576K
}

